poweramp_api_example/poweramp_api_example/build/outputs/logs/manifest-merger-debug-report.txt
-- Merging decision tree log ---
manifest
ADDED from src\main\AndroidManifest.xml:2:1-41:12
INJECTED from src\main\AndroidManifest.xml:2:1-41:12
INJECTED from src\main\AndroidManifest.xml:2:1-41:12
INJECTED from src\main\AndroidManifest.xml:2:1-41:12
MERGED from [:poweramp_api_lib] AndroidManifest.xml:2:1-11:12
INJECTED from src\main\AndroidManifest.xml:2:1-41:12
INJECTED from src\main\AndroidManifest.xml:2:1-41:12
INJECTED from src\main\AndroidManifest.xml:2:1-41:12
	package
		ADDED from src\main\AndroidManifest.xml:4:2-42
		INJECTED from src\main\AndroidManifest.xml
		INJECTED from src\main\AndroidManifest.xml
	android:versionName
		ADDED from src\main\AndroidManifest.xml:6:2-27
		INJECTED from src\main\AndroidManifest.xml
		INJECTED from src\main\AndroidManifest.xml
	xmlns:android
		ADDED from src\main\AndroidManifest.xml:3:2-60
	android:versionCode
		ADDED from src\main\AndroidManifest.xml:5:2-25
		INJECTED from src\main\AndroidManifest.xml
		INJECTED from src\main\AndroidManifest.xml
uses-sdk
ADDED from src\main\AndroidManifest.xml:8:2-10:35
INJECTED from src\main\AndroidManifest.xml:8:2-10:35
INJECTED from src\main\AndroidManifest.xml:8:2-10:35
MERGED from [:poweramp_api_lib] AndroidManifest.xml:7:5-9:41
MERGED from [:poweramp_api_lib] AndroidManifest.xml:7:5-9:41
INJECTED from src\main\AndroidManifest.xml:8:2-10:35
INJECTED from src\main\AndroidManifest.xml:8:2-10:35
	android:targetSdkVersion
		ADDED from src\main\AndroidManifest.xml:10:3-32
		INJECTED from src\main\AndroidManifest.xml
		INJECTED from src\main\AndroidManifest.xml
	android:minSdkVersion
		ADDED from src\main\AndroidManifest.xml:9:3-28
		INJECTED from src\main\AndroidManifest.xml
		INJECTED from src\main\AndroidManifest.xml
application
ADDED from src\main\AndroidManifest.xml:12:2-40:16
	android:label
		ADDED from src\main\AndroidManifest.xml:14:3-35
	android:icon
		ADDED from src\main\AndroidManifest.xml:13:3-32
	android:allowBackup
		ADDED from src\main\AndroidManifest.xml:16:3-30
	android:theme
		ADDED from src\main\AndroidManifest.xml:15:3-31
activity#com.maxmpz.poweramp.apiexample.MainActivity
ADDED from src\main\AndroidManifest.xml:18:3-25:14
	android:label
		ADDED from src\main\AndroidManifest.xml:20:4-36
	android:name
		ADDED from src\main\AndroidManifest.xml:19:4-32
intent-filter#android.intent.action.MAIN+android.intent.category.LAUNCHER
ADDED from src\main\AndroidManifest.xml:21:4-24:20
action#android.intent.action.MAIN
ADDED from src\main\AndroidManifest.xml:22:5-57
	android:name
		ADDED from src\main\AndroidManifest.xml:22:13-54
category#android.intent.category.LAUNCHER
ADDED from src\main\AndroidManifest.xml:23:5-65
	android:name
		ADDED from src\main\AndroidManifest.xml:23:15-62
activity#com.maxmpz.poweramp.apiexample.EqActivity
ADDED from src\main\AndroidManifest.xml:27:3-30:14
	android:label
		ADDED from src\main\AndroidManifest.xml:29:4-22
	android:name
		ADDED from src\main\AndroidManifest.xml:28:4-30
activity#com.maxmpz.poweramp.apiexample.FoldersActivity
ADDED from src\main\AndroidManifest.xml:32:3-34:30
	android:label
		ADDED from src\main\AndroidManifest.xml:34:4-27
	android:name
		ADDED from src\main\AndroidManifest.xml:33:4-35
activity#com.maxmpz.poweramp.apiexample.FilesActivity
ADDED from src\main\AndroidManifest.xml:36:3-38:28
	android:label
		ADDED from src\main\AndroidManifest.xml:38:4-25
	android:name
		ADDED from src\main\AndroidManifest.xml:37:4-33